[2022-03-02T20:06:31.728Z] La validación encontró GIT en: git
[2022-03-02T20:06:31.738Z] Usando GIT 2.35.1 de git
[2022-03-02T20:08:18.133Z] > git rev-parse --git-dir [1ms]
[2022-03-02T20:08:18.136Z] Open repository: /home/lupin/.config
[2022-03-02T20:08:18.155Z] > git symbolic-ref --short HEAD [1ms]
[2022-03-02T20:08:18.158Z] > git for-each-ref --format=%(refname)%00%(upstream:short)%00%(objectname)%00%(upstream:track) refs/heads/master refs/remotes/master [1ms]
[2022-03-02T20:08:18.164Z] > git remote --verbose [1ms]
[2022-03-02T20:08:18.164Z] > git for-each-ref --sort -committerdate --format %(refname) %(objectname) %(*objectname) [3ms]
[2022-03-02T20:08:18.919Z] > git config --get commit.template [685ms]
[2022-03-02T20:08:20.026Z] > git symbolic-ref --short HEAD [1ms]
[2022-03-02T20:08:20.029Z] > git for-each-ref --format=%(refname)%00%(upstream:short)%00%(objectname)%00%(upstream:track) refs/heads/master refs/remotes/master [1ms]
[2022-03-02T20:08:20.034Z] > git remote --verbose [0ms]
[2022-03-02T20:08:20.034Z] > git for-each-ref --sort -committerdate --format %(refname) %(objectname) %(*objectname) [3ms]
[2022-03-02T20:08:20.066Z] > git config --get commit.template [1ms]
[2022-03-02T20:08:25.095Z] > git symbolic-ref --short HEAD [1ms]
[2022-03-02T20:08:25.099Z] > git for-each-ref --format=%(refname)%00%(upstream:short)%00%(objectname)%00%(upstream:track) refs/heads/master refs/remotes/master [0ms]
[2022-03-02T20:08:25.105Z] > git for-each-ref --sort -committerdate --format %(refname) %(objectname) %(*objectname) [3ms]
[2022-03-02T20:08:25.105Z] > git remote --verbose [1ms]
[2022-03-02T20:08:25.158Z] > git config --get commit.template [8ms]
[2022-03-02T20:08:39.113Z] > git symbolic-ref --short HEAD [0ms]
[2022-03-02T20:08:39.117Z] > git for-each-ref --format=%(refname)%00%(upstream:short)%00%(objectname)%00%(upstream:track) refs/heads/master refs/remotes/master [1ms]
[2022-03-02T20:08:39.122Z] > git remote --verbose [1ms]
[2022-03-02T20:08:39.122Z] > git for-each-ref --sort -committerdate --format %(refname) %(objectname) %(*objectname) [3ms]
[2022-03-02T20:08:39.169Z] > git config --get commit.template [1ms]
[2022-03-02T20:08:44.196Z] > git symbolic-ref --short HEAD [0ms]
[2022-03-02T20:08:44.199Z] > git for-each-ref --format=%(refname)%00%(upstream:short)%00%(objectname)%00%(upstream:track) refs/heads/master refs/remotes/master [0ms]
[2022-03-02T20:08:44.204Z] > git remote --verbose [0ms]
[2022-03-02T20:08:44.204Z] > git for-each-ref --sort -committerdate --format %(refname) %(objectname) %(*objectname) [3ms]
[2022-03-02T20:08:44.233Z] > git config --get commit.template [1ms]
[2022-03-02T20:08:49.254Z] > git symbolic-ref --short HEAD [1ms]
[2022-03-02T20:08:49.258Z] > git for-each-ref --format=%(refname)%00%(upstream:short)%00%(objectname)%00%(upstream:track) refs/heads/master refs/remotes/master [1ms]
[2022-03-02T20:08:49.265Z] > git for-each-ref --sort -committerdate --format %(refname) %(objectname) %(*objectname) [3ms]
[2022-03-02T20:08:49.266Z] > git remote --verbose [1ms]
[2022-03-02T20:08:49.298Z] > git config --get commit.template [1ms]
[2022-03-02T20:09:06.591Z] > git symbolic-ref --short HEAD [0ms]
[2022-03-02T20:09:06.598Z] > git for-each-ref --format=%(refname)%00%(upstream:short)%00%(objectname)%00%(upstream:track) refs/heads/master refs/remotes/master [1ms]
[2022-03-02T20:09:06.610Z] > git for-each-ref --sort -committerdate --format %(refname) %(objectname) %(*objectname) [6ms]
[2022-03-02T20:09:06.610Z] > git remote --verbose [1ms]
[2022-03-02T20:09:06.644Z] > git config --get commit.template [2ms]
[2022-03-02T20:09:26.519Z] > git symbolic-ref --short HEAD [2ms]
[2022-03-02T20:09:26.524Z] > git for-each-ref --format=%(refname)%00%(upstream:short)%00%(objectname)%00%(upstream:track) refs/heads/master refs/remotes/master [1ms]
[2022-03-02T20:09:26.535Z] > git remote --verbose [2ms]
[2022-03-02T20:09:26.535Z] > git for-each-ref --sort -committerdate --format %(refname) %(objectname) %(*objectname) [5ms]
[2022-03-02T20:09:26.572Z] > git config --get commit.template [2ms]
[2022-03-02T20:09:35.855Z] > git symbolic-ref --short HEAD [17ms]
[2022-03-02T20:09:35.861Z] > git for-each-ref --format=%(refname)%00%(upstream:short)%00%(objectname)%00%(upstream:track) refs/heads/master refs/remotes/master [0ms]
[2022-03-02T20:09:35.876Z] > git remote --verbose [3ms]
[2022-03-02T20:09:35.877Z] > git for-each-ref --sort -committerdate --format %(refname) %(objectname) %(*objectname) [13ms]
[2022-03-02T20:09:35.915Z] > git config --get commit.template [1ms]
[2022-03-02T20:09:40.950Z] > git symbolic-ref --short HEAD [0ms]
[2022-03-02T20:09:40.956Z] > git for-each-ref --format=%(refname)%00%(upstream:short)%00%(objectname)%00%(upstream:track) refs/heads/master refs/remotes/master [1ms]
[2022-03-02T20:09:40.962Z] > git for-each-ref --sort -committerdate --format %(refname) %(objectname) %(*objectname) [3ms]
[2022-03-02T20:09:40.962Z] > git remote --verbose [0ms]
[2022-03-02T20:09:40.991Z] > git config --get commit.template [0ms]
[2022-03-02T20:09:55.075Z] > git symbolic-ref --short HEAD [1ms]
[2022-03-02T20:09:55.084Z] > git for-each-ref --format=%(refname)%00%(upstream:short)%00%(objectname)%00%(upstream:track) refs/heads/master refs/remotes/master [1ms]
[2022-03-02T20:09:55.098Z] > git for-each-ref --sort -committerdate --format %(refname) %(objectname) %(*objectname) [6ms]
[2022-03-02T20:09:55.098Z] > git remote --verbose [0ms]
[2022-03-02T20:09:55.135Z] > git config --get commit.template [1ms]
[2022-03-02T20:10:00.155Z] > git symbolic-ref --short HEAD [1ms]
[2022-03-02T20:10:00.158Z] > git for-each-ref --format=%(refname)%00%(upstream:short)%00%(objectname)%00%(upstream:track) refs/heads/master refs/remotes/master [0ms]
[2022-03-02T20:10:00.166Z] > git for-each-ref --sort -committerdate --format %(refname) %(objectname) %(*objectname) [5ms]
[2022-03-02T20:10:00.166Z] > git remote --verbose [1ms]
[2022-03-02T20:10:00.199Z] > git config --get commit.template [0ms]
[2022-03-02T20:10:13.435Z] > git symbolic-ref --short HEAD [0ms]
[2022-03-02T20:10:13.444Z] > git for-each-ref --format=%(refname)%00%(upstream:short)%00%(objectname)%00%(upstream:track) refs/heads/master refs/remotes/master [1ms]
[2022-03-02T20:10:13.453Z] > git for-each-ref --sort -committerdate --format %(refname) %(objectname) %(*objectname) [5ms]
[2022-03-02T20:10:13.453Z] > git remote --verbose [2ms]
[2022-03-02T20:10:13.488Z] > git config --get commit.template [1ms]
[2022-03-02T20:10:28.975Z] > git symbolic-ref --short HEAD [1ms]
[2022-03-02T20:10:28.980Z] > git for-each-ref --format=%(refname)%00%(upstream:short)%00%(objectname)%00%(upstream:track) refs/heads/master refs/remotes/master [0ms]
[2022-03-02T20:10:28.989Z] > git remote --verbose [2ms]
[2022-03-02T20:10:28.989Z] > git for-each-ref --sort -committerdate --format %(refname) %(objectname) %(*objectname) [5ms]
[2022-03-02T20:10:29.031Z] > git config --get commit.template [1ms]
[2022-03-02T20:10:34.050Z] > git symbolic-ref --short HEAD [1ms]
[2022-03-02T20:10:34.053Z] > git for-each-ref --format=%(refname)%00%(upstream:short)%00%(objectname)%00%(upstream:track) refs/heads/master refs/remotes/master [1ms]
[2022-03-02T20:10:34.057Z] > git for-each-ref --sort -committerdate --format %(refname) %(objectname) %(*objectname) [2ms]
[2022-03-02T20:10:34.058Z] > git remote --verbose [1ms]
[2022-03-02T20:10:34.085Z] > git config --get commit.template [1ms]
[2022-03-02T20:10:39.104Z] > git symbolic-ref --short HEAD [1ms]
[2022-03-02T20:10:39.107Z] > git for-each-ref --format=%(refname)%00%(upstream:short)%00%(objectname)%00%(upstream:track) refs/heads/master refs/remotes/master [0ms]
[2022-03-02T20:10:39.113Z] > git for-each-ref --sort -committerdate --format %(refname) %(objectname) %(*objectname) [3ms]
[2022-03-02T20:10:39.113Z] > git remote --verbose [0ms]
[2022-03-02T20:10:39.145Z] > git config --get commit.template [1ms]
[2022-03-02T20:10:44.203Z] > git symbolic-ref --short HEAD [1ms]
[2022-03-02T20:10:44.210Z] > git for-each-ref --format=%(refname)%00%(upstream:short)%00%(objectname)%00%(upstream:track) refs/heads/master refs/remotes/master [1ms]
[2022-03-02T20:10:44.222Z] > git for-each-ref --sort -committerdate --format %(refname) %(objectname) %(*objectname) [7ms]
[2022-03-02T20:10:44.222Z] > git remote --verbose [1ms]
[2022-03-02T20:10:44.265Z] > git config --get commit.template [1ms]
[2022-03-02T20:10:49.324Z] > git symbolic-ref --short HEAD [1ms]
[2022-03-02T20:10:49.333Z] > git for-each-ref --format=%(refname)%00%(upstream:short)%00%(objectname)%00%(upstream:track) refs/heads/master refs/remotes/master [1ms]
[2022-03-02T20:10:49.348Z] > git for-each-ref --sort -committerdate --format %(refname) %(objectname) %(*objectname) [8ms]
[2022-03-02T20:10:49.349Z] > git remote --verbose [2ms]
[2022-03-02T20:10:49.396Z] > git config --get commit.template [1ms]
[2022-03-02T20:10:54.416Z] > git symbolic-ref --short HEAD [0ms]
[2022-03-02T20:10:54.422Z] > git for-each-ref --format=%(refname)%00%(upstream:short)%00%(objectname)%00%(upstream:track) refs/heads/master refs/remotes/master [1ms]
[2022-03-02T20:10:54.431Z] > git for-each-ref --sort -committerdate --format %(refname) %(objectname) %(*objectname) [5ms]
[2022-03-02T20:10:54.431Z] > git remote --verbose [1ms]
[2022-03-02T20:10:54.463Z] > git config --get commit.template [2ms]
[2022-03-02T20:10:59.493Z] > git symbolic-ref --short HEAD [1ms]
[2022-03-02T20:10:59.496Z] > git for-each-ref --format=%(refname)%00%(upstream:short)%00%(objectname)%00%(upstream:track) refs/heads/master refs/remotes/master [0ms]
[2022-03-02T20:10:59.506Z] > git for-each-ref --sort -committerdate --format %(refname) %(objectname) %(*objectname) [5ms]
[2022-03-02T20:10:59.506Z] > git remote --verbose [0ms]
[2022-03-02T20:10:59.537Z] > git config --get commit.template [1ms]
[2022-03-02T20:11:08.197Z] > git symbolic-ref --short HEAD [0ms]
[2022-03-02T20:11:08.203Z] > git for-each-ref --format=%(refname)%00%(upstream:short)%00%(objectname)%00%(upstream:track) refs/heads/master refs/remotes/master [2ms]
[2022-03-02T20:11:08.216Z] > git for-each-ref --sort -committerdate --format %(refname) %(objectname) %(*objectname) [5ms]
[2022-03-02T20:11:08.216Z] > git remote --verbose [1ms]
[2022-03-02T20:11:08.255Z] > git config --get commit.template [4ms]
[2022-03-02T20:11:13.274Z] > git symbolic-ref --short HEAD [1ms]
[2022-03-02T20:11:13.278Z] > git for-each-ref --format=%(refname)%00%(upstream:short)%00%(objectname)%00%(upstream:track) refs/heads/master refs/remotes/master [1ms]
[2022-03-02T20:11:13.288Z] > git for-each-ref --sort -committerdate --format %(refname) %(objectname) %(*objectname) [4ms]
[2022-03-02T20:11:13.289Z] > git remote --verbose [1ms]
[2022-03-02T20:11:13.323Z] > git config --get commit.template [0ms]
[2022-03-02T20:11:18.344Z] > git symbolic-ref --short HEAD [0ms]
[2022-03-02T20:11:18.350Z] > git for-each-ref --format=%(refname)%00%(upstream:short)%00%(objectname)%00%(upstream:track) refs/heads/master refs/remotes/master [0ms]
[2022-03-02T20:11:18.357Z] > git for-each-ref --sort -committerdate --format %(refname) %(objectname) %(*objectname) [4ms]
[2022-03-02T20:11:18.357Z] > git remote --verbose [0ms]
[2022-03-02T20:11:18.393Z] > git config --get commit.template [2ms]
[2022-03-02T20:11:23.413Z] > git symbolic-ref --short HEAD [1ms]
[2022-03-02T20:11:23.419Z] > git for-each-ref --format=%(refname)%00%(upstream:short)%00%(objectname)%00%(upstream:track) refs/heads/master refs/remotes/master [1ms]
[2022-03-02T20:11:23.430Z] > git for-each-ref --sort -committerdate --format %(refname) %(objectname) %(*objectname) [7ms]
[2022-03-02T20:11:23.431Z] > git remote --verbose [2ms]
[2022-03-02T20:11:23.485Z] > git config --get commit.template [9ms]
[2022-03-02T20:11:28.508Z] > git symbolic-ref --short HEAD [1ms]
[2022-03-02T20:11:28.513Z] > git for-each-ref --format=%(refname)%00%(upstream:short)%00%(objectname)%00%(upstream:track) refs/heads/master refs/remotes/master [2ms]
[2022-03-02T20:11:28.524Z] > git for-each-ref --sort -committerdate --format %(refname) %(objectname) %(*objectname) [5ms]
[2022-03-02T20:11:28.524Z] > git remote --verbose [1ms]
[2022-03-02T20:11:28.580Z] > git config --get commit.template [8ms]
[2022-03-02T20:11:33.604Z] > git symbolic-ref --short HEAD [1ms]
[2022-03-02T20:11:33.608Z] > git for-each-ref --format=%(refname)%00%(upstream:short)%00%(objectname)%00%(upstream:track) refs/heads/master refs/remotes/master [0ms]
[2022-03-02T20:11:33.619Z] > git for-each-ref --sort -committerdate --format %(refname) %(objectname) %(*objectname) [5ms]
[2022-03-02T20:11:33.620Z] > git remote --verbose [0ms]
[2022-03-02T20:11:33.672Z] > git config --get commit.template [7ms]
[2022-03-02T20:11:39.370Z] > git symbolic-ref --short HEAD [1ms]
[2022-03-02T20:11:39.374Z] > git for-each-ref --format=%(refname)%00%(upstream:short)%00%(objectname)%00%(upstream:track) refs/heads/master refs/remotes/master [1ms]
[2022-03-02T20:11:39.384Z] > git for-each-ref --sort -committerdate --format %(refname) %(objectname) %(*objectname) [4ms]
[2022-03-02T20:11:39.385Z] > git remote --verbose [2ms]
[2022-03-02T20:11:39.446Z] > git config --get commit.template [8ms]
[2022-03-02T20:11:44.466Z] > git symbolic-ref --short HEAD [1ms]
[2022-03-02T20:11:44.471Z] > git for-each-ref --format=%(refname)%00%(upstream:short)%00%(objectname)%00%(upstream:track) refs/heads/master refs/remotes/master [1ms]
[2022-03-02T20:11:44.481Z] > git for-each-ref --sort -committerdate --format %(refname) %(objectname) %(*objectname) [4ms]
[2022-03-02T20:11:44.482Z] > git remote --verbose [0ms]
[2022-03-02T20:11:44.537Z] > git config --get commit.template [10ms]
[2022-03-02T20:11:49.559Z] > git symbolic-ref --short HEAD [1ms]
[2022-03-02T20:11:49.565Z] > git for-each-ref --format=%(refname)%00%(upstream:short)%00%(objectname)%00%(upstream:track) refs/heads/master refs/remotes/master [1ms]
[2022-03-02T20:11:49.580Z] > git for-each-ref --sort -committerdate --format %(refname) %(objectname) %(*objectname) [11ms]
[2022-03-02T20:11:49.582Z] > git remote --verbose [4ms]
[2022-03-02T20:11:49.615Z] > git config --get commit.template [1ms]
[2022-03-02T20:11:54.642Z] > git symbolic-ref --short HEAD [1ms]
[2022-03-02T20:11:54.647Z] > git for-each-ref --format=%(refname)%00%(upstream:short)%00%(objectname)%00%(upstream:track) refs/heads/master refs/remotes/master [1ms]
[2022-03-02T20:11:54.654Z] > git for-each-ref --sort -committerdate --format %(refname) %(objectname) %(*objectname) [4ms]
[2022-03-02T20:11:54.654Z] > git remote --verbose [0ms]
[2022-03-02T20:11:54.712Z] > git config --get commit.template [7ms]
[2022-03-02T20:11:59.732Z] > git symbolic-ref --short HEAD [0ms]
[2022-03-02T20:11:59.739Z] > git for-each-ref --format=%(refname)%00%(upstream:short)%00%(objectname)%00%(upstream:track) refs/heads/master refs/remotes/master [2ms]
[2022-03-02T20:11:59.751Z] > git for-each-ref --sort -committerdate --format %(refname) %(objectname) %(*objectname) [5ms]
[2022-03-02T20:11:59.751Z] > git remote --verbose [1ms]
[2022-03-02T20:11:59.810Z] > git config --get commit.template [13ms]
[2022-03-02T20:12:04.833Z] > git symbolic-ref --short HEAD [1ms]
[2022-03-02T20:12:04.840Z] > git for-each-ref --format=%(refname)%00%(upstream:short)%00%(objectname)%00%(upstream:track) refs/heads/master refs/remotes/master [1ms]
[2022-03-02T20:12:04.852Z] > git for-each-ref --sort -committerdate --format %(refname) %(objectname) %(*objectname) [6ms]
[2022-03-02T20:12:04.852Z] > git remote --verbose [1ms]
[2022-03-02T20:12:04.908Z] > git config --get commit.template [10ms]
[2022-03-02T20:13:48.081Z] > git symbolic-ref --short HEAD [1ms]
[2022-03-02T20:13:48.087Z] > git for-each-ref --format=%(refname)%00%(upstream:short)%00%(objectname)%00%(upstream:track) refs/heads/master refs/remotes/master [1ms]
[2022-03-02T20:13:48.096Z] > git remote --verbose [2ms]
[2022-03-02T20:13:48.096Z] > git for-each-ref --sort -committerdate --format %(refname) %(objectname) %(*objectname) [6ms]
[2022-03-02T20:13:48.134Z] > git config --get commit.template [0ms]
