[2022-03-03 20:05:06.235] [main] [info] update#ctor - updates are disabled as there is no update URL
[2022-03-03 20:05:06.261] [main] [info] ExtensionHostStarterWorker created
[2022-03-03 20:05:07.497] [main] [info] Starting extension host with pid 2109 (fork() took 7 ms).
[2022-03-03 20:05:07.497] [main] [info] ExtensionHostStarterWorker.start() took 9 ms.
[2022-03-03 20:05:07.563] [main] [info] Starting extension host with pid 2118 (fork() took 3 ms).
[2022-03-03 20:05:07.563] [main] [info] ExtensionHostStarterWorker.start() took 3 ms.
[2022-03-03 20:08:47.757] [main] [error] [storage state.vscdb] prepare(): Error: SQLITE_READONLY_DBMOVED: attempt to write a readonly database (INSERT INTO ItemTable VALUES (?,?),(?,?)). Details: Keys: workbench.explorer.views.state, terminal Length: 374
[2022-03-03 20:08:47.777] [main] [error] [storage state.vscdb] prepare(): Error: SQLITE_READONLY_DBMOVED: attempt to write a readonly database (INSERT INTO ItemTable VALUES (?,?),(?,?)). Details: Keys: iconThemeData, colorThemeData Length: 92537
[2022-03-03 20:08:47.780] [main] [error] [storage state.vscdb] prepare(): Error: SQLITE_READONLY_DBMOVED: attempt to write a readonly database (INSERT INTO ItemTable VALUES (?,?),(?,?)). Details: Keys: workbench.explorer.views.state, terminal Length: 373
[2022-03-03 20:09:07.325] [main] [error] [storage state.vscdb] prepare(): Error: SQLITE_READONLY_DBMOVED: attempt to write a readonly database (INSERT INTO ItemTable VALUES (?,?),(?,?),(?,?)). Details: Keys: memento/workbench.parts.editor, history.entries, workbench.explorer.treeViewState Length: 858
[2022-03-03 20:09:07.355] [main] [error] [storage state.vscdb] prepare(): Error: SQLITE_READONLY_DBMOVED: attempt to write a readonly database (INSERT INTO ItemTable VALUES (?,?),(?,?)). Details: Keys: memento/workbench.parts.editor, workbench.explorer.treeViewState Length: 1435
[2022-03-03 20:10:07.392] [main] [error] [storage state.vscdb] prepare(): Error: SQLITE_READONLY_DBMOVED: attempt to write a readonly database (INSERT INTO ItemTable VALUES (?,?)). Details: Keys: workbench.explorer.treeViewState Length: 141
[2022-03-03 20:10:14.652] [main] [error] [storage state.vscdb] prepare(): Error: SQLITE_READONLY_DBMOVED: attempt to write a readonly database (INSERT INTO ItemTable VALUES (?,?),(?,?),(?,?)). Details: Keys: __$__targetStorageMarker, workbench.sidebar.activeviewletid, workbench.view.extensions.state Length: 2947
[2022-03-03 20:10:14.923] [main] [error] [storage state.vscdb] prepare(): Error: SQLITE_READONLY_DBMOVED: attempt to write a readonly database (INSERT INTO ItemTable VALUES (?,?)). Details: Keys: workbench.views.extensions.installed.size Length: 1
[2022-03-03 20:10:20.094] [main] [error] [storage state.vscdb] prepare(): Error: SQLITE_READONLY_DBMOVED: attempt to write a readonly database (INSERT INTO ItemTable VALUES (?,?)). Details: Keys: colorThemeData Length: 25381
[2022-03-03 20:10:21.515] [main] [error] [storage state.vscdb] prepare(): Error: SQLITE_READONLY_DBMOVED: attempt to write a readonly database (INSERT INTO ItemTable VALUES (?,?)). Details: Keys: colorThemeData Length: 9752
[2022-03-03 20:10:24.339] [main] [error] [storage state.vscdb] prepare(): Error: SQLITE_READONLY_DBMOVED: attempt to write a readonly database (INSERT INTO ItemTable VALUES (?,?)). Details: Keys: colorThemeData Length: 25381
[2022-03-03 20:10:31.561] [main] [error] [storage state.vscdb] prepare(): Error: SQLITE_READONLY_DBMOVED: attempt to write a readonly database (INSERT INTO ItemTable VALUES (?,?)). Details: Keys: iconThemeData Length: 32553
[2022-03-03 20:10:31.717] [main] [error] [storage state.vscdb] prepare(): Error: SQLITE_READONLY_DBMOVED: attempt to write a readonly database (INSERT INTO ItemTable VALUES (?,?),(?,?)). Details: Keys: workbench.explorer.views.state, terminal Length: 374
[2022-03-03 20:10:31.736] [main] [error] [storage state.vscdb] prepare(): Error: SQLITE_READONLY_DBMOVED: attempt to write a readonly database (INSERT INTO ItemTable VALUES (?,?),(?,?)). Details: Keys: workbench.view.extensions.state, terminal Length: 1860
[2022-03-03 20:10:38.687] [main] [error] [storage state.vscdb] prepare(): Error: SQLITE_READONLY_DBMOVED: attempt to write a readonly database (INSERT INTO ItemTable VALUES (?,?),(?,?)). Details: Keys: __$__targetStorageMarker, workbench.explorer.views.state Length: 1418
[2022-03-03 20:11:07.357] [main] [error] [storage state.vscdb] prepare(): Error: SQLITE_READONLY_DBMOVED: attempt to write a readonly database (INSERT INTO ItemTable VALUES (?,?)). Details: Keys: memento/workbench.parts.editor Length: 1203
[2022-03-03 20:11:07.414] [main] [error] [storage state.vscdb] prepare(): Error: SQLITE_READONLY_DBMOVED: attempt to write a readonly database (INSERT INTO ItemTable VALUES (?,?),(?,?),(?,?),(?,?),(?,?),(?,?),(?,?)). Details: Keys: memento/workbench.parts.editor, editors.mru, history.entries, workbench.explorer.treeViewState, __$__targetStorageMarker, workbench.view.extensions.numberOfVisibleViews, memento/workbench.view.extensions Length: 2221
[2022-03-03 20:11:14.380] [main] [error] [storage state.vscdb] prepare(): Error: SQLITE_READONLY_DBMOVED: attempt to write a readonly database (INSERT INTO ItemTable VALUES (?,?),(?,?),(?,?)). Details: Keys: __$__targetStorageMarker, terminal.integrated.showTerminalConfigPrompt, debug.actionswidgety Length: 1564
[2022-03-03 20:11:44.193] [main] [error] [storage state.vscdb] prepare(): Error: SQLITE_READONLY_DBMOVED: attempt to write a readonly database (INSERT INTO ItemTable VALUES (?,?)). Details: Keys: workbench.explorer.treeViewState Length: 184
[2022-03-03 20:11:47.514] [main] [error] [storage state.vscdb] prepare(): Error: SQLITE_READONLY_DBMOVED: attempt to write a readonly database (INSERT INTO ItemTable VALUES (?,?),(?,?),(?,?),(?,?)). Details: Keys: __$__targetStorageMarker, lifecyle.lastShutdownReason, workbench.panel.hidden, scm.viewState Length: 1266
[2022-03-03 20:11:47.536] [main] [info] Extension host with pid 2118 exited with code: 0, signal: null.
[2022-03-03 20:11:47.613] [main] [error] [storage state.vscdb] prepare(): Error: SQLITE_READONLY_DBMOVED: attempt to write a readonly database (INSERT INTO ItemTable VALUES (?,?),(?,?)). Details: Keys: editorFontInfo, workbench.panel.size Length: 2329
[2022-03-03 20:11:48.566] [main] [error] [storage state.vscdb] prepare(): Error: SQLITE_READONLY_DBMOVED: attempt to write a readonly database (INSERT INTO ItemTable VALUES (?,?),(?,?),(?,?)). Details: Keys: __$__targetStorageMarker, terminal.integrated.bufferState, lifecyle.lastShutdownReason Length: 6576
[2022-03-03 20:11:48.582] [main] [info] Extension host with pid 2109 exited with code: 0, signal: null.
[2022-03-03 20:11:48.588] [main] [error] [storage state.vscdb] prepare(): Error: SQLITE_READONLY_DBMOVED: attempt to write a readonly database (INSERT INTO ItemTable VALUES (?,?),(?,?)). Details: Keys: editorFontInfo, workbench.panel.size Length: 1778
[2022-03-03 20:11:48.590] [main] [error] Error: ENOENT: no such file or directory, unlink '/home/lupin/.config/Code - OSS/User/workspaceStorage/c2fb18ccfee798deb2c30db5414c8fb0/state.vscdb'
