[2022-03-03T19:05:08.548Z] La validación encontró GIT en: git
[2022-03-03T19:05:08.559Z] Usando GIT 2.35.1 de git
[2022-03-03T19:05:08.576Z] > git rev-parse --git-dir [1ms]
[2022-03-03T19:05:08.580Z] Open repository: /home/lupin/.config
[2022-03-03T19:05:08.600Z] > git symbolic-ref --short HEAD [1ms]
[2022-03-03T19:05:08.609Z] > git for-each-ref --format=%(refname)%00%(upstream:short)%00%(objectname)%00%(upstream:track) refs/heads/master refs/remotes/master [5ms]
[2022-03-03T19:05:08.628Z] > git remote --verbose [12ms]
[2022-03-03T19:05:08.629Z] > git for-each-ref --sort -committerdate --format %(refname) %(objectname) %(*objectname) [17ms]
[2022-03-03T19:05:08.636Z] > git config --get commit.template [1ms]
[2022-03-03T19:05:08.921Z] > git ls-files --stage -- /home/lupin/.config/qtile/config.json [1ms]
[2022-03-03T19:05:21.033Z] > git symbolic-ref --short HEAD [1ms]
[2022-03-03T19:05:21.036Z] > git for-each-ref --format=%(refname)%00%(upstream:short)%00%(objectname)%00%(upstream:track) refs/heads/master refs/remotes/master [1ms]
[2022-03-03T19:05:21.040Z] > git for-each-ref --sort -committerdate --format %(refname) %(objectname) %(*objectname) [2ms]
[2022-03-03T19:05:21.040Z] > git remote --verbose [0ms]
[2022-03-03T19:05:21.045Z] > git config --get commit.template [1ms]
[2022-03-03T19:05:21.122Z] > git ls-files --stage -- /home/lupin/.config/qtile/config.json [4ms]
[2022-03-03T19:06:06.091Z] > git symbolic-ref --short HEAD [0ms]
[2022-03-03T19:06:06.095Z] > git for-each-ref --format=%(refname)%00%(upstream:short)%00%(objectname)%00%(upstream:track) refs/heads/master refs/remotes/master [1ms]
[2022-03-03T19:06:06.100Z] > git for-each-ref --sort -committerdate --format %(refname) %(objectname) %(*objectname) [3ms]
[2022-03-03T19:06:06.100Z] > git remote --verbose [1ms]
[2022-03-03T19:06:06.106Z] > git config --get commit.template [1ms]
[2022-03-03T19:06:06.187Z] > git ls-files --stage -- /home/lupin/.config/qtile/config.json [1ms]
[2022-03-03T19:06:14.456Z] > git symbolic-ref --short HEAD [2ms]
[2022-03-03T19:06:14.466Z] > git for-each-ref --format=%(refname)%00%(upstream:short)%00%(objectname)%00%(upstream:track) refs/heads/master refs/remotes/master [3ms]
[2022-03-03T19:06:14.482Z] > git for-each-ref --sort -committerdate --format %(refname) %(objectname) %(*objectname) [9ms]
[2022-03-03T19:06:14.483Z] > git remote --verbose [3ms]
[2022-03-03T19:06:14.501Z] > git config --get commit.template [2ms]
[2022-03-03T19:06:14.517Z] > git ls-files --stage -- /home/lupin/.config/qtile/config.json [1ms]
[2022-03-03T19:06:31.686Z] > git symbolic-ref --short HEAD [0ms]
[2022-03-03T19:06:31.689Z] > git for-each-ref --format=%(refname)%00%(upstream:short)%00%(objectname)%00%(upstream:track) refs/heads/master refs/remotes/master [1ms]
[2022-03-03T19:06:31.693Z] > git for-each-ref --sort -committerdate --format %(refname) %(objectname) %(*objectname) [2ms]
[2022-03-03T19:06:31.693Z] > git remote --verbose [0ms]
[2022-03-03T19:06:31.699Z] > git config --get commit.template [1ms]
[2022-03-03T19:06:31.781Z] > git ls-files --stage -- /home/lupin/.config/qtile/config.json [1ms]
[2022-03-03T19:06:59.476Z] > git symbolic-ref --short HEAD [0ms]
[2022-03-03T19:06:59.479Z] > git for-each-ref --format=%(refname)%00%(upstream:short)%00%(objectname)%00%(upstream:track) refs/heads/master refs/remotes/master [1ms]
[2022-03-03T19:06:59.483Z] > git for-each-ref --sort -committerdate --format %(refname) %(objectname) %(*objectname) [3ms]
[2022-03-03T19:06:59.483Z] > git remote --verbose [1ms]
[2022-03-03T19:06:59.487Z] > git config --get commit.template [0ms]
[2022-03-03T19:06:59.567Z] > git ls-files --stage -- /home/lupin/.config/qtile/config.json [2ms]
[2022-03-03T19:07:12.756Z] > git symbolic-ref --short HEAD [0ms]
[2022-03-03T19:07:12.759Z] > git for-each-ref --format=%(refname)%00%(upstream:short)%00%(objectname)%00%(upstream:track) refs/heads/master refs/remotes/master [1ms]
[2022-03-03T19:07:12.764Z] > git for-each-ref --sort -committerdate --format %(refname) %(objectname) %(*objectname) [3ms]
[2022-03-03T19:07:12.764Z] > git remote --verbose [1ms]
[2022-03-03T19:07:12.769Z] > git config --get commit.template [1ms]
[2022-03-03T19:07:12.852Z] > git ls-files --stage -- /home/lupin/.config/qtile/config.json [1ms]
[2022-03-03T19:08:48.091Z] > git symbolic-ref --short HEAD [1ms]
[2022-03-03T19:08:48.094Z] > git for-each-ref --format=%(refname)%00%(upstream:short)%00%(objectname)%00%(upstream:track) refs/heads/master refs/remotes/master [1ms]
[2022-03-03T19:08:48.098Z] > git for-each-ref --sort -committerdate --format %(refname) %(objectname) %(*objectname) [2ms]
[2022-03-03T19:08:48.098Z] > git remote --verbose [0ms]
[2022-03-03T19:08:48.120Z] > git config --get commit.template [0ms]
[2022-03-03T19:08:48.184Z] > git ls-files --stage -- /home/lupin/.config/qtile/config.json [1ms]
[2022-03-03T19:10:49.675Z] > git symbolic-ref --short HEAD [1ms]
[2022-03-03T19:10:49.677Z] > git for-each-ref --format=%(refname)%00%(upstream:short)%00%(objectname)%00%(upstream:track) refs/heads/master refs/remotes/master [1ms]
[2022-03-03T19:10:49.681Z] > git for-each-ref --sort -committerdate --format %(refname) %(objectname) %(*objectname) [2ms]
[2022-03-03T19:10:49.682Z] > git remote --verbose [1ms]
[2022-03-03T19:10:49.690Z] > git config --get commit.template [1ms]
[2022-03-03T19:10:49.764Z] > git ls-files --stage -- /home/lupin/.config/qtile/config.json [1ms]
[2022-03-03T19:10:57.739Z] > git symbolic-ref --short HEAD [0ms]
[2022-03-03T19:10:57.742Z] > git for-each-ref --format=%(refname)%00%(upstream:short)%00%(objectname)%00%(upstream:track) refs/heads/master refs/remotes/master [1ms]
[2022-03-03T19:10:57.748Z] > git for-each-ref --sort -committerdate --format %(refname) %(objectname) %(*objectname) [3ms]
[2022-03-03T19:10:57.748Z] > git remote --verbose [1ms]
[2022-03-03T19:10:57.753Z] > git config --get commit.template [1ms]
[2022-03-03T19:10:57.848Z] > git ls-files --stage -- /home/lupin/.config/qtile/config.json [3ms]
