[2022-03-03T19:11:57.765Z] Validating found git in: git
[2022-03-03T19:11:57.775Z] Using git 2.35.1 from git
[2022-03-03T19:11:57.792Z] > git rev-parse --git-dir [4ms]
[2022-03-03T19:11:57.796Z] Open repository: /home/lupin/.config
[2022-03-03T19:11:57.808Z] > git symbolic-ref --short HEAD [0ms]
[2022-03-03T19:11:57.811Z] > git for-each-ref --format=%(refname)%00%(upstream:short)%00%(objectname)%00%(upstream:track) refs/heads/master refs/remotes/master [1ms]
[2022-03-03T19:11:57.817Z] > git remote --verbose [1ms]
[2022-03-03T19:11:57.818Z] > git for-each-ref --sort -committerdate --format %(refname) %(objectname) %(*objectname) [5ms]
[2022-03-03T19:11:57.829Z] > git config --get commit.template [2ms]
[2022-03-03T19:12:44.567Z] > git push origin master:master [836ms]
[2022-03-03T19:12:44.567Z] ssh_askpass: exec(/usr/lib/ssh/ssh-askpass): No such file or directory
git@github.com: Permission denied (publickey).
fatal: Could not read from remote repository.

Please make sure you have the correct access rights
and the repository exists.
[2022-03-03T19:12:54.074Z] > git log --oneline --cherry master...master@{upstream} -- [1ms]
[2022-03-03T19:12:54.911Z] > git pull --tags origin master [834ms]
[2022-03-03T19:12:54.911Z] ssh_askpass: exec(/usr/lib/ssh/ssh-askpass): No such file or directory
git@github.com: Permission denied (publickey).
fatal: Could not read from remote repository.

Please make sure you have the correct access rights
and the repository exists.
[2022-03-03T19:12:59.033Z] > git push origin master:master [812ms]
[2022-03-03T19:12:59.033Z] ssh_askpass: exec(/usr/lib/ssh/ssh-askpass): No such file or directory
git@github.com: Permission denied (publickey).
fatal: Could not read from remote repository.

Please make sure you have the correct access rights
and the repository exists.
