[2022-03-03T19:05:08.159Z] La validación encontró GIT en: git
[2022-03-03T19:05:08.176Z] Usando GIT 2.35.1 de git
[2022-03-03T19:05:08.193Z] > git rev-parse --git-dir [1ms]
[2022-03-03T19:05:08.199Z] Open repository: /home/lupin/.config
[2022-03-03T19:05:08.253Z] > git symbolic-ref --short HEAD [1ms]
[2022-03-03T19:05:08.262Z] > git for-each-ref --format=%(refname)%00%(upstream:short)%00%(objectname)%00%(upstream:track) refs/heads/master refs/remotes/master [5ms]
[2022-03-03T19:05:08.272Z] > git for-each-ref --sort -committerdate --format %(refname) %(objectname) %(*objectname) [6ms]
[2022-03-03T19:05:08.272Z] > git remote --verbose [2ms]
[2022-03-03T19:05:08.279Z] > git config --get commit.template [1ms]
[2022-03-03T19:05:10.844Z] > git symbolic-ref --short HEAD [1ms]
[2022-03-03T19:05:10.848Z] > git for-each-ref --format=%(refname)%00%(upstream:short)%00%(objectname)%00%(upstream:track) refs/heads/master refs/remotes/master [2ms]
[2022-03-03T19:05:10.853Z] > git for-each-ref --sort -committerdate --format %(refname) %(objectname) %(*objectname) [3ms]
[2022-03-03T19:05:10.854Z] > git remote --verbose [1ms]
[2022-03-03T19:05:10.858Z] > git config --get commit.template [0ms]
[2022-03-03T19:05:15.873Z] > git symbolic-ref --short HEAD [1ms]
[2022-03-03T19:05:15.876Z] > git for-each-ref --format=%(refname)%00%(upstream:short)%00%(objectname)%00%(upstream:track) refs/heads/master refs/remotes/master [1ms]
[2022-03-03T19:05:15.882Z] > git for-each-ref --sort -committerdate --format %(refname) %(objectname) %(*objectname) [4ms]
[2022-03-03T19:05:15.882Z] > git remote --verbose [1ms]
[2022-03-03T19:05:15.888Z] > git config --get commit.template [0ms]
[2022-03-03T19:05:20.906Z] > git symbolic-ref --short HEAD [1ms]
[2022-03-03T19:05:20.908Z] > git for-each-ref --format=%(refname)%00%(upstream:short)%00%(objectname)%00%(upstream:track) refs/heads/master refs/remotes/master [0ms]
[2022-03-03T19:05:20.912Z] > git for-each-ref --sort -committerdate --format %(refname) %(objectname) %(*objectname) [2ms]
[2022-03-03T19:05:20.913Z] > git remote --verbose [1ms]
[2022-03-03T19:05:20.918Z] > git config --get commit.template [1ms]
[2022-03-03T19:05:25.973Z] > git symbolic-ref --short HEAD [3ms]
[2022-03-03T19:05:25.986Z] > git for-each-ref --format=%(refname)%00%(upstream:short)%00%(objectname)%00%(upstream:track) refs/heads/master refs/remotes/master [4ms]
[2022-03-03T19:05:26.006Z] > git for-each-ref --sort -committerdate --format %(refname) %(objectname) %(*objectname) [11ms]
[2022-03-03T19:05:26.008Z] > git remote --verbose [4ms]
[2022-03-03T19:05:26.025Z] > git config --get commit.template [1ms]
[2022-03-03T19:05:31.048Z] > git symbolic-ref --short HEAD [1ms]
[2022-03-03T19:05:31.052Z] > git for-each-ref --format=%(refname)%00%(upstream:short)%00%(objectname)%00%(upstream:track) refs/heads/master refs/remotes/master [1ms]
[2022-03-03T19:05:31.058Z] > git for-each-ref --sort -committerdate --format %(refname) %(objectname) %(*objectname) [4ms]
[2022-03-03T19:05:31.058Z] > git remote --verbose [1ms]
[2022-03-03T19:05:31.065Z] > git config --get commit.template [2ms]
[2022-03-03T19:05:36.081Z] > git symbolic-ref --short HEAD [0ms]
[2022-03-03T19:05:36.084Z] > git for-each-ref --format=%(refname)%00%(upstream:short)%00%(objectname)%00%(upstream:track) refs/heads/master refs/remotes/master [1ms]
[2022-03-03T19:05:36.088Z] > git for-each-ref --sort -committerdate --format %(refname) %(objectname) %(*objectname) [2ms]
[2022-03-03T19:05:36.089Z] > git remote --verbose [1ms]
[2022-03-03T19:05:36.093Z] > git config --get commit.template [0ms]
[2022-03-03T19:05:41.108Z] > git symbolic-ref --short HEAD [1ms]
[2022-03-03T19:05:41.110Z] > git for-each-ref --format=%(refname)%00%(upstream:short)%00%(objectname)%00%(upstream:track) refs/heads/master refs/remotes/master [0ms]
[2022-03-03T19:05:41.115Z] > git for-each-ref --sort -committerdate --format %(refname) %(objectname) %(*objectname) [3ms]
[2022-03-03T19:05:41.115Z] > git remote --verbose [1ms]
[2022-03-03T19:05:41.119Z] > git config --get commit.template [0ms]
[2022-03-03T19:05:46.134Z] > git symbolic-ref --short HEAD [1ms]
[2022-03-03T19:05:46.136Z] > git for-each-ref --format=%(refname)%00%(upstream:short)%00%(objectname)%00%(upstream:track) refs/heads/master refs/remotes/master [0ms]
[2022-03-03T19:05:46.140Z] > git for-each-ref --sort -committerdate --format %(refname) %(objectname) %(*objectname) [2ms]
[2022-03-03T19:05:46.140Z] > git remote --verbose [0ms]
[2022-03-03T19:05:46.145Z] > git config --get commit.template [1ms]
[2022-03-03T19:05:51.160Z] > git symbolic-ref --short HEAD [1ms]
[2022-03-03T19:05:51.162Z] > git for-each-ref --format=%(refname)%00%(upstream:short)%00%(objectname)%00%(upstream:track) refs/heads/master refs/remotes/master [0ms]
[2022-03-03T19:05:51.166Z] > git for-each-ref --sort -committerdate --format %(refname) %(objectname) %(*objectname) [2ms]
[2022-03-03T19:05:51.167Z] > git remote --verbose [1ms]
[2022-03-03T19:05:51.171Z] > git config --get commit.template [0ms]
[2022-03-03T19:05:56.192Z] > git symbolic-ref --short HEAD [0ms]
[2022-03-03T19:05:56.194Z] > git for-each-ref --format=%(refname)%00%(upstream:short)%00%(objectname)%00%(upstream:track) refs/heads/master refs/remotes/master [1ms]
[2022-03-03T19:05:56.198Z] > git for-each-ref --sort -committerdate --format %(refname) %(objectname) %(*objectname) [2ms]
[2022-03-03T19:05:56.198Z] > git remote --verbose [0ms]
[2022-03-03T19:05:56.203Z] > git config --get commit.template [0ms]
[2022-03-03T19:06:02.165Z] > git symbolic-ref --short HEAD [1ms]
[2022-03-03T19:06:02.167Z] > git for-each-ref --format=%(refname)%00%(upstream:short)%00%(objectname)%00%(upstream:track) refs/heads/master refs/remotes/master [0ms]
[2022-03-03T19:06:02.172Z] > git for-each-ref --sort -committerdate --format %(refname) %(objectname) %(*objectname) [3ms]
[2022-03-03T19:06:02.172Z] > git remote --verbose [1ms]
[2022-03-03T19:06:02.180Z] > git config --get commit.template [1ms]
[2022-03-03T19:06:07.194Z] > git symbolic-ref --short HEAD [1ms]
[2022-03-03T19:06:07.197Z] > git for-each-ref --format=%(refname)%00%(upstream:short)%00%(objectname)%00%(upstream:track) refs/heads/master refs/remotes/master [1ms]
[2022-03-03T19:06:07.204Z] > git for-each-ref --sort -committerdate --format %(refname) %(objectname) %(*objectname) [4ms]
[2022-03-03T19:06:07.204Z] > git remote --verbose [1ms]
[2022-03-03T19:06:07.211Z] > git config --get commit.template [0ms]
[2022-03-03T19:06:12.227Z] > git symbolic-ref --short HEAD [1ms]
[2022-03-03T19:06:12.229Z] > git for-each-ref --format=%(refname)%00%(upstream:short)%00%(objectname)%00%(upstream:track) refs/heads/master refs/remotes/master [0ms]
[2022-03-03T19:06:12.234Z] > git remote --verbose [1ms]
[2022-03-03T19:06:12.234Z] > git for-each-ref --sort -committerdate --format %(refname) %(objectname) %(*objectname) [3ms]
[2022-03-03T19:06:12.239Z] > git config --get commit.template [1ms]
[2022-03-03T19:06:17.254Z] > git symbolic-ref --short HEAD [0ms]
[2022-03-03T19:06:17.257Z] > git for-each-ref --format=%(refname)%00%(upstream:short)%00%(objectname)%00%(upstream:track) refs/heads/master refs/remotes/master [1ms]
[2022-03-03T19:06:17.261Z] > git for-each-ref --sort -committerdate --format %(refname) %(objectname) %(*objectname) [2ms]
[2022-03-03T19:06:17.261Z] > git remote --verbose [0ms]
[2022-03-03T19:06:17.265Z] > git config --get commit.template [0ms]
[2022-03-03T19:06:22.285Z] > git symbolic-ref --short HEAD [0ms]
[2022-03-03T19:06:22.288Z] > git for-each-ref --format=%(refname)%00%(upstream:short)%00%(objectname)%00%(upstream:track) refs/heads/master refs/remotes/master [1ms]
[2022-03-03T19:06:22.292Z] > git for-each-ref --sort -committerdate --format %(refname) %(objectname) %(*objectname) [3ms]
[2022-03-03T19:06:22.292Z] > git remote --verbose [1ms]
[2022-03-03T19:06:22.297Z] > git config --get commit.template [1ms]
[2022-03-03T19:06:27.317Z] > git symbolic-ref --short HEAD [1ms]
[2022-03-03T19:06:27.320Z] > git for-each-ref --format=%(refname)%00%(upstream:short)%00%(objectname)%00%(upstream:track) refs/heads/master refs/remotes/master [1ms]
[2022-03-03T19:06:27.324Z] > git for-each-ref --sort -committerdate --format %(refname) %(objectname) %(*objectname) [2ms]
[2022-03-03T19:06:27.324Z] > git remote --verbose [1ms]
[2022-03-03T19:06:27.328Z] > git config --get commit.template [0ms]
[2022-03-03T19:06:32.348Z] > git symbolic-ref --short HEAD [0ms]
[2022-03-03T19:06:32.351Z] > git for-each-ref --format=%(refname)%00%(upstream:short)%00%(objectname)%00%(upstream:track) refs/heads/master refs/remotes/master [1ms]
[2022-03-03T19:06:32.355Z] > git for-each-ref --sort -committerdate --format %(refname) %(objectname) %(*objectname) [3ms]
[2022-03-03T19:06:32.356Z] > git remote --verbose [2ms]
[2022-03-03T19:06:32.360Z] > git config --get commit.template [1ms]
[2022-03-03T19:06:37.415Z] > git symbolic-ref --short HEAD [2ms]
[2022-03-03T19:06:37.429Z] > git for-each-ref --format=%(refname)%00%(upstream:short)%00%(objectname)%00%(upstream:track) refs/heads/master refs/remotes/master [4ms]
[2022-03-03T19:06:37.450Z] > git for-each-ref --sort -committerdate --format %(refname) %(objectname) %(*objectname) [11ms]
[2022-03-03T19:06:37.451Z] > git remote --verbose [3ms]
[2022-03-03T19:06:37.465Z] > git config --get commit.template [2ms]
[2022-03-03T19:06:42.488Z] > git symbolic-ref --short HEAD [0ms]
[2022-03-03T19:06:42.491Z] > git for-each-ref --format=%(refname)%00%(upstream:short)%00%(objectname)%00%(upstream:track) refs/heads/master refs/remotes/master [1ms]
[2022-03-03T19:06:42.495Z] > git for-each-ref --sort -committerdate --format %(refname) %(objectname) %(*objectname) [2ms]
[2022-03-03T19:06:42.495Z] > git remote --verbose [1ms]
[2022-03-03T19:06:42.499Z] > git config --get commit.template [0ms]
[2022-03-03T19:06:47.514Z] > git symbolic-ref --short HEAD [1ms]
[2022-03-03T19:06:47.516Z] > git for-each-ref --format=%(refname)%00%(upstream:short)%00%(objectname)%00%(upstream:track) refs/heads/master refs/remotes/master [0ms]
[2022-03-03T19:06:47.521Z] > git for-each-ref --sort -committerdate --format %(refname) %(objectname) %(*objectname) [3ms]
[2022-03-03T19:06:47.521Z] > git remote --verbose [1ms]
[2022-03-03T19:06:47.525Z] > git config --get commit.template [0ms]
[2022-03-03T19:06:52.546Z] > git symbolic-ref --short HEAD [1ms]
[2022-03-03T19:06:52.548Z] > git for-each-ref --format=%(refname)%00%(upstream:short)%00%(objectname)%00%(upstream:track) refs/heads/master refs/remotes/master [0ms]
[2022-03-03T19:06:52.553Z] > git for-each-ref --sort -committerdate --format %(refname) %(objectname) %(*objectname) [3ms]
[2022-03-03T19:06:52.553Z] > git remote --verbose [1ms]
[2022-03-03T19:06:52.558Z] > git config --get commit.template [1ms]
[2022-03-03T19:06:57.573Z] > git symbolic-ref --short HEAD [0ms]
[2022-03-03T19:06:57.576Z] > git for-each-ref --format=%(refname)%00%(upstream:short)%00%(objectname)%00%(upstream:track) refs/heads/master refs/remotes/master [1ms]
[2022-03-03T19:06:57.580Z] > git for-each-ref --sort -committerdate --format %(refname) %(objectname) %(*objectname) [2ms]
[2022-03-03T19:06:57.580Z] > git remote --verbose [0ms]
[2022-03-03T19:06:57.586Z] > git config --get commit.template [2ms]
[2022-03-03T19:07:02.599Z] > git symbolic-ref --short HEAD [1ms]
[2022-03-03T19:07:02.601Z] > git for-each-ref --format=%(refname)%00%(upstream:short)%00%(objectname)%00%(upstream:track) refs/heads/master refs/remotes/master [1ms]
[2022-03-03T19:07:02.606Z] > git for-each-ref --sort -committerdate --format %(refname) %(objectname) %(*objectname) [3ms]
[2022-03-03T19:07:02.606Z] > git remote --verbose [1ms]
[2022-03-03T19:07:02.610Z] > git config --get commit.template [1ms]
[2022-03-03T19:07:07.625Z] > git symbolic-ref --short HEAD [0ms]
[2022-03-03T19:07:07.628Z] > git for-each-ref --format=%(refname)%00%(upstream:short)%00%(objectname)%00%(upstream:track) refs/heads/master refs/remotes/master [1ms]
[2022-03-03T19:07:07.633Z] > git for-each-ref --sort -committerdate --format %(refname) %(objectname) %(*objectname) [3ms]
[2022-03-03T19:07:07.634Z] > git remote --verbose [2ms]
[2022-03-03T19:07:07.640Z] > git config --get commit.template [1ms]
[2022-03-03T19:07:12.652Z] > git symbolic-ref --short HEAD [0ms]
[2022-03-03T19:07:12.655Z] > git for-each-ref --format=%(refname)%00%(upstream:short)%00%(objectname)%00%(upstream:track) refs/heads/master refs/remotes/master [1ms]
[2022-03-03T19:07:12.659Z] > git for-each-ref --sort -committerdate --format %(refname) %(objectname) %(*objectname) [2ms]
[2022-03-03T19:07:12.659Z] > git remote --verbose [1ms]
[2022-03-03T19:07:12.663Z] > git config --get commit.template [0ms]
[2022-03-03T19:07:30.437Z] > git symbolic-ref --short HEAD [1ms]
[2022-03-03T19:07:30.440Z] > git for-each-ref --format=%(refname)%00%(upstream:short)%00%(objectname)%00%(upstream:track) refs/heads/master refs/remotes/master [1ms]
[2022-03-03T19:07:30.445Z] > git for-each-ref --sort -committerdate --format %(refname) %(objectname) %(*objectname) [2ms]
[2022-03-03T19:07:30.446Z] > git remote --verbose [1ms]
[2022-03-03T19:07:30.450Z] > git config --get commit.template [0ms]
[2022-03-03T19:07:36.999Z] > git symbolic-ref --short HEAD [1ms]
[2022-03-03T19:07:37.001Z] > git for-each-ref --format=%(refname)%00%(upstream:short)%00%(objectname)%00%(upstream:track) refs/heads/master refs/remotes/master [1ms]
[2022-03-03T19:07:37.005Z] > git for-each-ref --sort -committerdate --format %(refname) %(objectname) %(*objectname) [2ms]
[2022-03-03T19:07:37.005Z] > git remote --verbose [0ms]
[2022-03-03T19:07:37.012Z] > git config --get commit.template [0ms]
[2022-03-03T19:07:42.027Z] > git symbolic-ref --short HEAD [1ms]
[2022-03-03T19:07:42.029Z] > git for-each-ref --format=%(refname)%00%(upstream:short)%00%(objectname)%00%(upstream:track) refs/heads/master refs/remotes/master [1ms]
[2022-03-03T19:07:42.033Z] > git for-each-ref --sort -committerdate --format %(refname) %(objectname) %(*objectname) [2ms]
[2022-03-03T19:07:42.033Z] > git remote --verbose [0ms]
[2022-03-03T19:07:42.039Z] > git config --get commit.template [1ms]
[2022-03-03T19:07:47.054Z] > git symbolic-ref --short HEAD [1ms]
[2022-03-03T19:07:47.056Z] > git for-each-ref --format=%(refname)%00%(upstream:short)%00%(objectname)%00%(upstream:track) refs/heads/master refs/remotes/master [0ms]
[2022-03-03T19:07:47.060Z] > git for-each-ref --sort -committerdate --format %(refname) %(objectname) %(*objectname) [2ms]
[2022-03-03T19:07:47.061Z] > git remote --verbose [1ms]
[2022-03-03T19:07:47.065Z] > git config --get commit.template [1ms]
[2022-03-03T19:07:52.080Z] > git symbolic-ref --short HEAD [0ms]
[2022-03-03T19:07:52.083Z] > git for-each-ref --format=%(refname)%00%(upstream:short)%00%(objectname)%00%(upstream:track) refs/heads/master refs/remotes/master [1ms]
[2022-03-03T19:07:52.087Z] > git for-each-ref --sort -committerdate --format %(refname) %(objectname) %(*objectname) [2ms]
[2022-03-03T19:07:52.087Z] > git remote --verbose [0ms]
[2022-03-03T19:07:52.092Z] > git config --get commit.template [1ms]
[2022-03-03T19:07:57.105Z] > git symbolic-ref --short HEAD [0ms]
[2022-03-03T19:07:57.108Z] > git for-each-ref --format=%(refname)%00%(upstream:short)%00%(objectname)%00%(upstream:track) refs/heads/master refs/remotes/master [1ms]
[2022-03-03T19:07:57.112Z] > git for-each-ref --sort -committerdate --format %(refname) %(objectname) %(*objectname) [3ms]
[2022-03-03T19:07:57.112Z] > git remote --verbose [1ms]
[2022-03-03T19:07:57.115Z] > git config --get commit.template [0ms]
[2022-03-03T19:08:03.658Z] > git symbolic-ref --short HEAD [1ms]
[2022-03-03T19:08:03.663Z] > git for-each-ref --format=%(refname)%00%(upstream:short)%00%(objectname)%00%(upstream:track) refs/heads/master refs/remotes/master [1ms]
[2022-03-03T19:08:03.668Z] > git for-each-ref --sort -committerdate --format %(refname) %(objectname) %(*objectname) [3ms]
[2022-03-03T19:08:03.668Z] > git remote --verbose [1ms]
[2022-03-03T19:08:03.673Z] > git config --get commit.template [0ms]
[2022-03-03T19:08:08.688Z] > git symbolic-ref --short HEAD [0ms]
[2022-03-03T19:08:08.691Z] > git for-each-ref --format=%(refname)%00%(upstream:short)%00%(objectname)%00%(upstream:track) refs/heads/master refs/remotes/master [1ms]
[2022-03-03T19:08:08.695Z] > git for-each-ref --sort -committerdate --format %(refname) %(objectname) %(*objectname) [2ms]
[2022-03-03T19:08:08.695Z] > git remote --verbose [1ms]
[2022-03-03T19:08:08.699Z] > git config --get commit.template [0ms]
[2022-03-03T19:08:13.713Z] > git symbolic-ref --short HEAD [0ms]
[2022-03-03T19:08:13.716Z] > git for-each-ref --format=%(refname)%00%(upstream:short)%00%(objectname)%00%(upstream:track) refs/heads/master refs/remotes/master [1ms]
[2022-03-03T19:08:13.720Z] > git for-each-ref --sort -committerdate --format %(refname) %(objectname) %(*objectname) [2ms]
[2022-03-03T19:08:13.720Z] > git remote --verbose [0ms]
[2022-03-03T19:08:13.725Z] > git config --get commit.template [1ms]
[2022-03-03T19:08:18.745Z] > git symbolic-ref --short HEAD [1ms]
[2022-03-03T19:08:18.747Z] > git for-each-ref --format=%(refname)%00%(upstream:short)%00%(objectname)%00%(upstream:track) refs/heads/master refs/remotes/master [0ms]
[2022-03-03T19:08:18.752Z] > git for-each-ref --sort -committerdate --format %(refname) %(objectname) %(*objectname) [3ms]
[2022-03-03T19:08:18.752Z] > git remote --verbose [1ms]
[2022-03-03T19:08:18.756Z] > git config --get commit.template [0ms]
[2022-03-03T19:08:23.768Z] > git symbolic-ref --short HEAD [0ms]
[2022-03-03T19:08:23.771Z] > git for-each-ref --format=%(refname)%00%(upstream:short)%00%(objectname)%00%(upstream:track) refs/heads/master refs/remotes/master [1ms]
[2022-03-03T19:08:23.775Z] > git for-each-ref --sort -committerdate --format %(refname) %(objectname) %(*objectname) [2ms]
[2022-03-03T19:08:23.775Z] > git remote --verbose [1ms]
[2022-03-03T19:08:23.780Z] > git config --get commit.template [0ms]
[2022-03-03T19:08:28.795Z] > git symbolic-ref --short HEAD [1ms]
[2022-03-03T19:08:28.798Z] > git for-each-ref --format=%(refname)%00%(upstream:short)%00%(objectname)%00%(upstream:track) refs/heads/master refs/remotes/master [1ms]
[2022-03-03T19:08:28.802Z] > git for-each-ref --sort -committerdate --format %(refname) %(objectname) %(*objectname) [3ms]
[2022-03-03T19:08:28.802Z] > git remote --verbose [1ms]
[2022-03-03T19:08:28.806Z] > git config --get commit.template [1ms]
[2022-03-03T19:08:33.822Z] > git symbolic-ref --short HEAD [0ms]
[2022-03-03T19:08:33.825Z] > git for-each-ref --format=%(refname)%00%(upstream:short)%00%(objectname)%00%(upstream:track) refs/heads/master refs/remotes/master [1ms]
[2022-03-03T19:08:33.829Z] > git for-each-ref --sort -committerdate --format %(refname) %(objectname) %(*objectname) [2ms]
[2022-03-03T19:08:33.830Z] > git remote --verbose [1ms]
[2022-03-03T19:08:33.834Z] > git config --get commit.template [1ms]
[2022-03-03T19:08:38.855Z] > git symbolic-ref --short HEAD [1ms]
[2022-03-03T19:08:38.858Z] > git for-each-ref --format=%(refname)%00%(upstream:short)%00%(objectname)%00%(upstream:track) refs/heads/master refs/remotes/master [1ms]
[2022-03-03T19:08:38.862Z] > git for-each-ref --sort -committerdate --format %(refname) %(objectname) %(*objectname) [2ms]
[2022-03-03T19:08:38.862Z] > git remote --verbose [0ms]
[2022-03-03T19:08:38.866Z] > git config --get commit.template [0ms]
[2022-03-03T19:08:43.882Z] > git symbolic-ref --short HEAD [0ms]
[2022-03-03T19:08:43.884Z] > git for-each-ref --format=%(refname)%00%(upstream:short)%00%(objectname)%00%(upstream:track) refs/heads/master refs/remotes/master [0ms]
[2022-03-03T19:08:43.889Z] > git for-each-ref --sort -committerdate --format %(refname) %(objectname) %(*objectname) [3ms]
[2022-03-03T19:08:43.889Z] > git remote --verbose [1ms]
[2022-03-03T19:08:43.893Z] > git config --get commit.template [1ms]
[2022-03-03T19:08:48.940Z] > git symbolic-ref --short HEAD [3ms]
[2022-03-03T19:08:48.954Z] > git for-each-ref --format=%(refname)%00%(upstream:short)%00%(objectname)%00%(upstream:track) refs/heads/master refs/remotes/master [3ms]
[2022-03-03T19:08:48.975Z] > git for-each-ref --sort -committerdate --format %(refname) %(objectname) %(*objectname) [10ms]
[2022-03-03T19:08:48.975Z] > git remote --verbose [2ms]
[2022-03-03T19:08:49.003Z] > git config --get commit.template [1ms]
[2022-03-03T19:08:54.018Z] > git symbolic-ref --short HEAD [1ms]
[2022-03-03T19:08:54.021Z] > git for-each-ref --format=%(refname)%00%(upstream:short)%00%(objectname)%00%(upstream:track) refs/heads/master refs/remotes/master [1ms]
[2022-03-03T19:08:54.025Z] > git for-each-ref --sort -committerdate --format %(refname) %(objectname) %(*objectname) [2ms]
[2022-03-03T19:08:54.026Z] > git remote --verbose [1ms]
[2022-03-03T19:08:54.037Z] > git config --get commit.template [1ms]
[2022-03-03T19:08:59.047Z] > git symbolic-ref --short HEAD [0ms]
[2022-03-03T19:08:59.050Z] > git for-each-ref --format=%(refname)%00%(upstream:short)%00%(objectname)%00%(upstream:track) refs/heads/master refs/remotes/master [0ms]
[2022-03-03T19:08:59.055Z] > git remote --verbose [1ms]
[2022-03-03T19:08:59.055Z] > git for-each-ref --sort -committerdate --format %(refname) %(objectname) %(*objectname) [3ms]
[2022-03-03T19:08:59.072Z] > git config --get commit.template [2ms]
[2022-03-03T19:09:04.099Z] > git symbolic-ref --short HEAD [1ms]
[2022-03-03T19:09:04.101Z] > git for-each-ref --format=%(refname)%00%(upstream:short)%00%(objectname)%00%(upstream:track) refs/heads/master refs/remotes/master [0ms]
[2022-03-03T19:09:04.106Z] > git for-each-ref --sort -committerdate --format %(refname) %(objectname) %(*objectname) [3ms]
[2022-03-03T19:09:04.106Z] > git remote --verbose [1ms]
[2022-03-03T19:09:04.116Z] > git config --get commit.template [2ms]
[2022-03-03T19:09:09.125Z] > git symbolic-ref --short HEAD [0ms]
[2022-03-03T19:09:09.128Z] > git for-each-ref --format=%(refname)%00%(upstream:short)%00%(objectname)%00%(upstream:track) refs/heads/master refs/remotes/master [1ms]
[2022-03-03T19:09:09.132Z] > git for-each-ref --sort -committerdate --format %(refname) %(objectname) %(*objectname) [2ms]
[2022-03-03T19:09:09.132Z] > git remote --verbose [0ms]
[2022-03-03T19:09:09.142Z] > git config --get commit.template [1ms]
[2022-03-03T19:09:14.156Z] > git symbolic-ref --short HEAD [1ms]
[2022-03-03T19:09:14.158Z] > git for-each-ref --format=%(refname)%00%(upstream:short)%00%(objectname)%00%(upstream:track) refs/heads/master refs/remotes/master [0ms]
[2022-03-03T19:09:14.163Z] > git for-each-ref --sort -committerdate --format %(refname) %(objectname) %(*objectname) [2ms]
[2022-03-03T19:09:14.163Z] > git remote --verbose [0ms]
[2022-03-03T19:09:14.175Z] > git config --get commit.template [2ms]
[2022-03-03T19:09:19.193Z] > git symbolic-ref --short HEAD [1ms]
[2022-03-03T19:09:19.195Z] > git for-each-ref --format=%(refname)%00%(upstream:short)%00%(objectname)%00%(upstream:track) refs/heads/master refs/remotes/master [0ms]
[2022-03-03T19:09:19.200Z] > git for-each-ref --sort -committerdate --format %(refname) %(objectname) %(*objectname) [3ms]
[2022-03-03T19:09:19.200Z] > git remote --verbose [1ms]
[2022-03-03T19:09:19.212Z] > git config --get commit.template [2ms]
[2022-03-03T19:09:24.259Z] > git symbolic-ref --short HEAD [3ms]
[2022-03-03T19:09:24.272Z] > git for-each-ref --format=%(refname)%00%(upstream:short)%00%(objectname)%00%(upstream:track) refs/heads/master refs/remotes/master [3ms]
[2022-03-03T19:09:24.294Z] > git for-each-ref --sort -committerdate --format %(refname) %(objectname) %(*objectname) [11ms]
[2022-03-03T19:09:24.294Z] > git remote --verbose [1ms]
[2022-03-03T19:09:24.304Z] > git config --get commit.template [1ms]
[2022-03-03T19:09:29.318Z] > git symbolic-ref --short HEAD [1ms]
[2022-03-03T19:09:29.320Z] > git for-each-ref --format=%(refname)%00%(upstream:short)%00%(objectname)%00%(upstream:track) refs/heads/master refs/remotes/master [0ms]
[2022-03-03T19:09:29.325Z] > git for-each-ref --sort -committerdate --format %(refname) %(objectname) %(*objectname) [2ms]
[2022-03-03T19:09:29.325Z] > git remote --verbose [0ms]
[2022-03-03T19:09:29.339Z] > git config --get commit.template [2ms]
[2022-03-03T19:09:34.358Z] > git symbolic-ref --short HEAD [1ms]
[2022-03-03T19:09:34.360Z] > git for-each-ref --format=%(refname)%00%(upstream:short)%00%(objectname)%00%(upstream:track) refs/heads/master refs/remotes/master [0ms]
[2022-03-03T19:09:34.364Z] > git for-each-ref --sort -committerdate --format %(refname) %(objectname) %(*objectname) [2ms]
[2022-03-03T19:09:34.365Z] > git remote --verbose [1ms]
[2022-03-03T19:09:34.377Z] > git config --get commit.template [2ms]
[2022-03-03T19:09:39.390Z] > git symbolic-ref --short HEAD [0ms]
[2022-03-03T19:09:39.393Z] > git for-each-ref --format=%(refname)%00%(upstream:short)%00%(objectname)%00%(upstream:track) refs/heads/master refs/remotes/master [1ms]
[2022-03-03T19:09:39.398Z] > git for-each-ref --sort -committerdate --format %(refname) %(objectname) %(*objectname) [3ms]
[2022-03-03T19:09:39.398Z] > git remote --verbose [1ms]
[2022-03-03T19:09:39.408Z] > git config --get commit.template [0ms]
[2022-03-03T19:09:44.423Z] > git symbolic-ref --short HEAD [1ms]
[2022-03-03T19:09:44.426Z] > git for-each-ref --format=%(refname)%00%(upstream:short)%00%(objectname)%00%(upstream:track) refs/heads/master refs/remotes/master [1ms]
[2022-03-03T19:09:44.430Z] > git for-each-ref --sort -committerdate --format %(refname) %(objectname) %(*objectname) [2ms]
[2022-03-03T19:09:44.431Z] > git remote --verbose [1ms]
[2022-03-03T19:09:44.441Z] > git config --get commit.template [1ms]
[2022-03-03T19:09:49.455Z] > git symbolic-ref --short HEAD [1ms]
[2022-03-03T19:09:49.457Z] > git for-each-ref --format=%(refname)%00%(upstream:short)%00%(objectname)%00%(upstream:track) refs/heads/master refs/remotes/master [0ms]
[2022-03-03T19:09:49.462Z] > git for-each-ref --sort -committerdate --format %(refname) %(objectname) %(*objectname) [2ms]
[2022-03-03T19:09:49.462Z] > git remote --verbose [0ms]
[2022-03-03T19:09:49.474Z] > git config --get commit.template [1ms]
[2022-03-03T19:09:54.485Z] > git symbolic-ref --short HEAD [1ms]
[2022-03-03T19:09:54.489Z] > git for-each-ref --format=%(refname)%00%(upstream:short)%00%(objectname)%00%(upstream:track) refs/heads/master refs/remotes/master [1ms]
[2022-03-03T19:09:54.494Z] > git for-each-ref --sort -committerdate --format %(refname) %(objectname) %(*objectname) [3ms]
[2022-03-03T19:09:54.494Z] > git remote --verbose [1ms]
[2022-03-03T19:09:54.504Z] > git config --get commit.template [2ms]
[2022-03-03T19:09:59.518Z] > git symbolic-ref --short HEAD [0ms]
[2022-03-03T19:09:59.521Z] > git for-each-ref --format=%(refname)%00%(upstream:short)%00%(objectname)%00%(upstream:track) refs/heads/master refs/remotes/master [1ms]
[2022-03-03T19:09:59.525Z] > git for-each-ref --sort -committerdate --format %(refname) %(objectname) %(*objectname) [2ms]
[2022-03-03T19:09:59.525Z] > git remote --verbose [0ms]
[2022-03-03T19:09:59.536Z] > git config --get commit.template [1ms]
[2022-03-03T19:10:04.548Z] > git symbolic-ref --short HEAD [1ms]
[2022-03-03T19:10:04.552Z] > git for-each-ref --format=%(refname)%00%(upstream:short)%00%(objectname)%00%(upstream:track) refs/heads/master refs/remotes/master [1ms]
[2022-03-03T19:10:04.557Z] > git for-each-ref --sort -committerdate --format %(refname) %(objectname) %(*objectname) [3ms]
[2022-03-03T19:10:04.557Z] > git remote --verbose [1ms]
[2022-03-03T19:10:04.567Z] > git config --get commit.template [1ms]
[2022-03-03T19:10:09.588Z] > git symbolic-ref --short HEAD [1ms]
[2022-03-03T19:10:09.591Z] > git for-each-ref --format=%(refname)%00%(upstream:short)%00%(objectname)%00%(upstream:track) refs/heads/master refs/remotes/master [1ms]
[2022-03-03T19:10:09.595Z] > git for-each-ref --sort -committerdate --format %(refname) %(objectname) %(*objectname) [3ms]
[2022-03-03T19:10:09.595Z] > git remote --verbose [1ms]
[2022-03-03T19:10:09.605Z] > git config --get commit.template [1ms]
[2022-03-03T19:10:14.619Z] > git symbolic-ref --short HEAD [1ms]
[2022-03-03T19:10:14.623Z] > git for-each-ref --format=%(refname)%00%(upstream:short)%00%(objectname)%00%(upstream:track) refs/heads/master refs/remotes/master [1ms]
[2022-03-03T19:10:14.630Z] > git for-each-ref --sort -committerdate --format %(refname) %(objectname) %(*objectname) [3ms]
[2022-03-03T19:10:14.630Z] > git remote --verbose [1ms]
[2022-03-03T19:10:14.643Z] > git config --get commit.template [1ms]
[2022-03-03T19:10:19.663Z] > git symbolic-ref --short HEAD [1ms]
[2022-03-03T19:10:19.665Z] > git for-each-ref --format=%(refname)%00%(upstream:short)%00%(objectname)%00%(upstream:track) refs/heads/master refs/remotes/master [0ms]
[2022-03-03T19:10:19.669Z] > git for-each-ref --sort -committerdate --format %(refname) %(objectname) %(*objectname) [2ms]
[2022-03-03T19:10:19.669Z] > git remote --verbose [0ms]
[2022-03-03T19:10:19.680Z] > git config --get commit.template [0ms]
[2022-03-03T19:10:24.693Z] > git symbolic-ref --short HEAD [0ms]
[2022-03-03T19:10:24.696Z] > git for-each-ref --format=%(refname)%00%(upstream:short)%00%(objectname)%00%(upstream:track) refs/heads/master refs/remotes/master [0ms]
[2022-03-03T19:10:24.703Z] > git for-each-ref --sort -committerdate --format %(refname) %(objectname) %(*objectname) [5ms]
[2022-03-03T19:10:24.703Z] > git remote --verbose [0ms]
[2022-03-03T19:10:24.719Z] > git config --get commit.template [2ms]
[2022-03-03T19:10:29.736Z] > git symbolic-ref --short HEAD [1ms]
[2022-03-03T19:10:29.742Z] > git for-each-ref --format=%(refname)%00%(upstream:short)%00%(objectname)%00%(upstream:track) refs/heads/master refs/remotes/master [0ms]
[2022-03-03T19:10:29.754Z] > git for-each-ref --sort -committerdate --format %(refname) %(objectname) %(*objectname) [7ms]
[2022-03-03T19:10:29.755Z] > git remote --verbose [1ms]
[2022-03-03T19:10:29.769Z] > git config --get commit.template [0ms]
[2022-03-03T19:10:34.784Z] > git symbolic-ref --short HEAD [0ms]
[2022-03-03T19:10:34.788Z] > git for-each-ref --format=%(refname)%00%(upstream:short)%00%(objectname)%00%(upstream:track) refs/heads/master refs/remotes/master [1ms]
[2022-03-03T19:10:34.793Z] > git for-each-ref --sort -committerdate --format %(refname) %(objectname) %(*objectname) [3ms]
[2022-03-03T19:10:34.793Z] > git remote --verbose [0ms]
[2022-03-03T19:10:34.804Z] > git config --get commit.template [2ms]
[2022-03-03T19:10:39.821Z] > git symbolic-ref --short HEAD [1ms]
[2022-03-03T19:10:39.825Z] > git for-each-ref --format=%(refname)%00%(upstream:short)%00%(objectname)%00%(upstream:track) refs/heads/master refs/remotes/master [1ms]
[2022-03-03T19:10:39.830Z] > git for-each-ref --sort -committerdate --format %(refname) %(objectname) %(*objectname) [3ms]
[2022-03-03T19:10:39.830Z] > git remote --verbose [1ms]
[2022-03-03T19:10:39.842Z] > git config --get commit.template [1ms]
[2022-03-03T19:10:44.852Z] > git symbolic-ref --short HEAD [0ms]
[2022-03-03T19:10:44.855Z] > git for-each-ref --format=%(refname)%00%(upstream:short)%00%(objectname)%00%(upstream:track) refs/heads/master refs/remotes/master [1ms]
[2022-03-03T19:10:44.859Z] > git for-each-ref --sort -committerdate --format %(refname) %(objectname) %(*objectname) [2ms]
[2022-03-03T19:10:44.860Z] > git remote --verbose [1ms]
[2022-03-03T19:10:44.870Z] > git config --get commit.template [1ms]
[2022-03-03T19:10:49.879Z] > git symbolic-ref --short HEAD [1ms]
[2022-03-03T19:10:49.882Z] > git for-each-ref --format=%(refname)%00%(upstream:short)%00%(objectname)%00%(upstream:track) refs/heads/master refs/remotes/master [1ms]
[2022-03-03T19:10:49.886Z] > git for-each-ref --sort -committerdate --format %(refname) %(objectname) %(*objectname) [2ms]
[2022-03-03T19:10:49.886Z] > git remote --verbose [0ms]
[2022-03-03T19:10:49.892Z] > git config --get commit.template [0ms]
[2022-03-03T19:10:54.905Z] > git symbolic-ref --short HEAD [0ms]
[2022-03-03T19:10:54.908Z] > git for-each-ref --format=%(refname)%00%(upstream:short)%00%(objectname)%00%(upstream:track) refs/heads/master refs/remotes/master [1ms]
[2022-03-03T19:10:54.912Z] > git for-each-ref --sort -committerdate --format %(refname) %(objectname) %(*objectname) [2ms]
[2022-03-03T19:10:54.912Z] > git remote --verbose [0ms]
[2022-03-03T19:10:54.916Z] > git config --get commit.template [0ms]
[2022-03-03T19:10:59.933Z] > git symbolic-ref --short HEAD [0ms]
[2022-03-03T19:10:59.936Z] > git for-each-ref --format=%(refname)%00%(upstream:short)%00%(objectname)%00%(upstream:track) refs/heads/master refs/remotes/master [1ms]
[2022-03-03T19:10:59.941Z] > git for-each-ref --sort -committerdate --format %(refname) %(objectname) %(*objectname) [3ms]
[2022-03-03T19:10:59.941Z] > git remote --verbose [1ms]
[2022-03-03T19:10:59.945Z] > git config --get commit.template [0ms]
[2022-03-03T19:11:04.959Z] > git symbolic-ref --short HEAD [0ms]
[2022-03-03T19:11:04.962Z] > git for-each-ref --format=%(refname)%00%(upstream:short)%00%(objectname)%00%(upstream:track) refs/heads/master refs/remotes/master [1ms]
[2022-03-03T19:11:04.966Z] > git for-each-ref --sort -committerdate --format %(refname) %(objectname) %(*objectname) [2ms]
[2022-03-03T19:11:04.966Z] > git remote --verbose [0ms]
[2022-03-03T19:11:04.970Z] > git config --get commit.template [0ms]
[2022-03-03T19:11:09.989Z] > git symbolic-ref --short HEAD [1ms]
[2022-03-03T19:11:09.992Z] > git for-each-ref --format=%(refname)%00%(upstream:short)%00%(objectname)%00%(upstream:track) refs/heads/master refs/remotes/master [1ms]
[2022-03-03T19:11:09.996Z] > git for-each-ref --sort -committerdate --format %(refname) %(objectname) %(*objectname) [2ms]
[2022-03-03T19:11:09.996Z] > git remote --verbose [1ms]
[2022-03-03T19:11:10.000Z] > git config --get commit.template [1ms]
[2022-03-03T19:11:15.041Z] > git symbolic-ref --short HEAD [3ms]
[2022-03-03T19:11:15.055Z] > git for-each-ref --format=%(refname)%00%(upstream:short)%00%(objectname)%00%(upstream:track) refs/heads/master refs/remotes/master [4ms]
[2022-03-03T19:11:15.077Z] > git for-each-ref --sort -committerdate --format %(refname) %(objectname) %(*objectname) [12ms]
[2022-03-03T19:11:15.077Z] > git remote --verbose [2ms]
[2022-03-03T19:11:15.091Z] > git config --get commit.template [3ms]
[2022-03-03T19:11:24.083Z] > git symbolic-ref --short HEAD [0ms]
[2022-03-03T19:11:24.086Z] > git for-each-ref --format=%(refname)%00%(upstream:short)%00%(objectname)%00%(upstream:track) refs/heads/master refs/remotes/master [1ms]
[2022-03-03T19:11:24.091Z] > git for-each-ref --sort -committerdate --format %(refname) %(objectname) %(*objectname) [3ms]
[2022-03-03T19:11:24.091Z] > git remote --verbose [0ms]
[2022-03-03T19:11:24.097Z] > git config --get commit.template [0ms]
[2022-03-03T19:11:29.111Z] > git symbolic-ref --short HEAD [1ms]
[2022-03-03T19:11:29.113Z] > git for-each-ref --format=%(refname)%00%(upstream:short)%00%(objectname)%00%(upstream:track) refs/heads/master refs/remotes/master [0ms]
[2022-03-03T19:11:29.118Z] > git for-each-ref --sort -committerdate --format %(refname) %(objectname) %(*objectname) [2ms]
[2022-03-03T19:11:29.118Z] > git remote --verbose [0ms]
[2022-03-03T19:11:29.122Z] > git config --get commit.template [0ms]
[2022-03-03T19:11:34.135Z] > git symbolic-ref --short HEAD [1ms]
[2022-03-03T19:11:34.138Z] > git for-each-ref --format=%(refname)%00%(upstream:short)%00%(objectname)%00%(upstream:track) refs/heads/master refs/remotes/master [1ms]
[2022-03-03T19:11:34.143Z] > git for-each-ref --sort -committerdate --format %(refname) %(objectname) %(*objectname) [2ms]
[2022-03-03T19:11:34.143Z] > git remote --verbose [0ms]
[2022-03-03T19:11:34.148Z] > git config --get commit.template [0ms]
[2022-03-03T19:11:39.189Z] > git symbolic-ref --short HEAD [3ms]
[2022-03-03T19:11:39.202Z] > git for-each-ref --format=%(refname)%00%(upstream:short)%00%(objectname)%00%(upstream:track) refs/heads/master refs/remotes/master [3ms]
[2022-03-03T19:11:39.223Z] > git for-each-ref --sort -committerdate --format %(refname) %(objectname) %(*objectname) [11ms]
[2022-03-03T19:11:39.224Z] > git remote --verbose [3ms]
[2022-03-03T19:11:39.239Z] > git config --get commit.template [2ms]
[2022-03-03T19:11:44.251Z] > git symbolic-ref --short HEAD [1ms]
[2022-03-03T19:11:44.254Z] > git for-each-ref --format=%(refname)%00%(upstream:short)%00%(objectname)%00%(upstream:track) refs/heads/master refs/remotes/master [1ms]
[2022-03-03T19:11:44.258Z] > git for-each-ref --sort -committerdate --format %(refname) %(objectname) %(*objectname) [2ms]
[2022-03-03T19:11:44.258Z] > git remote --verbose [0ms]
[2022-03-03T19:11:44.263Z] > git config --get commit.template [1ms]
