[2022-03-02 13:19:38.091] [exthost] [info] Extension host with pid 4763 started
[2022-03-02 13:19:38.091] [exthost] [info] Skipping acquiring lock for /home/lupin/.config/Code - OSS/User/workspaceStorage/ae9156186de23e8e341e003f37077c33.
[2022-03-02 13:19:38.127] [exthost] [info] ExtensionService#_doActivateExtension vscode.debug-auto-launch, startup: true, activationEvent: '*'
[2022-03-02 13:19:38.129] [exthost] [info] ExtensionService#_doActivateExtension vscode.git-base, startup: true, activationEvent: '*', root cause: vscode.github
[2022-03-02 13:19:38.131] [exthost] [info] ExtensionService#_doActivateExtension asvetliakov.vscode-neovim, startup: true, activationEvent: '*'
[2022-03-02 13:19:38.145] [exthost] [info] ExtensionService#_doActivateExtension vscode.git, startup: true, activationEvent: '*'
[2022-03-02 13:19:38.155] [exthost] [info] ExtensionService#_doActivateExtension vscode.github, startup: true, activationEvent: '*'
[2022-03-02 13:19:38.182] [exthost] [info] Eager extensions activated
[2022-03-02 13:19:38.214] [exthost] [info] ExtensionService#_doActivateExtension vscode.emmet, startup: false, activationEvent: 'onStartupFinished'
[2022-03-02 13:19:38.221] [exthost] [info] ExtensionService#_doActivateExtension vscode.merge-conflict, startup: false, activationEvent: 'onStartupFinished'
[2022-03-02 13:27:35.501] [exthost] [info] extension host terminating: renderer closed the socket
[2022-03-02 13:27:35.504] [exthost] [info] Extension host with pid 4763 exiting with code 0
[2022-03-02 13:27:37.915] [exthost] [info] Extension host with pid 5638 started
[2022-03-02 13:27:37.915] [exthost] [info] Skipping acquiring lock for /home/lupin/.config/Code - OSS/User/workspaceStorage/ae9156186de23e8e341e003f37077c33.
[2022-03-02 13:27:37.958] [exthost] [info] ExtensionService#_doActivateExtension vscode.debug-auto-launch, startup: true, activationEvent: '*'
[2022-03-02 13:27:37.961] [exthost] [info] ExtensionService#_doActivateExtension vscode.git-base, startup: true, activationEvent: '*', root cause: vscode.github
[2022-03-02 13:27:37.967] [exthost] [info] ExtensionService#_doActivateExtension vscode.git, startup: true, activationEvent: '*'
[2022-03-02 13:27:37.976] [exthost] [info] ExtensionService#_doActivateExtension vscode.github, startup: true, activationEvent: '*'
[2022-03-02 13:27:37.999] [exthost] [info] Eager extensions activated
[2022-03-02 13:27:38.009] [exthost] [info] ExtensionService#_doActivateExtension vscode.emmet, startup: false, activationEvent: 'onStartupFinished'
[2022-03-02 13:27:38.015] [exthost] [info] ExtensionService#_doActivateExtension vscode.merge-conflict, startup: false, activationEvent: 'onStartupFinished'
[2022-03-02 13:27:40.345] [exthost] [info] ExtensionService#_doActivateExtension vscode.html-language-features, startup: false, activationEvent: 'onLanguage:html'
